[2018-08-29 14:19:56] my_logger.INFO: GET /people [] []
[2018-08-29 14:29:19] my_logger.INFO: GET /people [] []
[2018-08-29 14:34:28] my_logger.INFO: GET /people [] []
[2018-08-29 14:38:14] my_logger.INFO: GET /people [] []
[2018-08-29 14:38:21] my_logger.INFO: GET /people [] []
[2018-08-29 14:41:27] my_logger.INFO: GET /people/id [] []
[2018-08-29 14:41:38] my_logger.INFO: GET /people/{id} [] []
[2018-08-29 14:42:04] my_logger.INFO: GET /people/{id} [] []
[2018-08-29 14:42:14] my_logger.INFO: GET /people/{id} [] []
[2018-08-29 14:42:17] my_logger.INFO: GET /people/{id} [] []
[2018-08-29 14:42:19] my_logger.INFO: GET /people/{id} [] []
[2018-08-29 14:42:31] my_logger.INFO: GET /people/{id} [] []
[2018-08-29 14:43:02] my_logger.INFO: GET /people/{id} [] []
[2018-08-29 14:43:39] my_logger.INFO: GET /people/{id} [] []
[2018-08-29 14:45:47] my_logger.INFO: GET /people/{id} [] []
[2018-08-29 14:45:53] my_logger.INFO: GET /people/{id} [] []
[2018-08-29 14:45:55] my_logger.INFO: GET /people/{id} [] []
[2018-08-29 14:45:59] my_logger.INFO: GET /people/{id} [] []
[2018-08-29 14:47:04] my_logger.INFO: GET /people/{id} [] []
[2018-08-29 14:47:22] my_logger.INFO: GET /people/{id} [] []
[2018-08-29 14:47:25] my_logger.INFO: GET /people/{id} [] []
[2018-08-29 14:47:43] my_logger.INFO: GET /people/{id} [] []
[2018-08-29 14:47:48] my_logger.INFO: GET /people/{id} [] []
[2018-08-29 14:48:57] my_logger.INFO: GET /people [] []
[2018-08-29 14:49:00] my_logger.INFO: GET /people/{id} [] []
[2018-08-29 14:49:42] my_logger.INFO: GET /people [] []
[2018-08-29 14:50:37] my_logger.INFO: GET /people [] []
[2018-08-29 14:51:06] my_logger.INFO: GET /people [] []
[2018-08-29 15:03:27] my_logger.INFO: GET /people [] []
[2018-08-29 15:05:13] my_logger.INFO: GET /people/{id} [] []
[2018-08-29 15:05:18] my_logger.INFO: GET /people [] []
[2018-08-29 15:05:39] my_logger.INFO: GET /people [] []
[2018-08-29 15:05:42] my_logger.INFO: GET /people/{id} [] []
[2018-08-29 15:06:06] my_logger.INFO: GET /people/{id} [] []
[2018-08-29 15:06:16] my_logger.INFO: GET /people/{id} [] []
[2018-08-29 15:06:26] my_logger.INFO: GET /people/{id} [] []
[2018-08-29 15:06:35] my_logger.INFO: GET /people/{id} [] []
[2018-08-29 15:06:37] my_logger.INFO: GET /people/{id} [] []
[2018-08-29 15:06:57] my_logger.INFO: GET /people [] []
[2018-08-29 15:06:59] my_logger.INFO: GET /people/{id} [] []
[2018-08-29 15:08:26] my_logger.INFO: GET /people/{id} [] []
[2018-08-29 15:08:28] my_logger.INFO: GET /people/{id} [] []
[2018-08-29 15:08:48] my_logger.INFO: GET /people [] []
[2018-08-29 15:09:47] my_logger.INFO: GET /people [] []
[2018-08-29 15:10:05] my_logger.INFO: GET /people [] []
[2018-08-29 15:10:22] my_logger.INFO: GET /people [] []
[2018-08-29 15:10:25] my_logger.INFO: GET /people/{id} [] []
[2018-08-29 15:10:28] my_logger.INFO: GET /people/{id} [] []
[2018-08-29 15:10:36] my_logger.INFO: GET /people/{id} [] []
[2018-08-29 15:11:39] my_logger.INFO: GET /people/{id} [] []
[2018-08-29 15:12:43] my_logger.INFO: GET /people/{id} [] []
[2018-08-29 15:12:48] my_logger.INFO: GET /people/{id} [] []
[2018-08-29 15:13:07] my_logger.INFO: GET /people/{id} [] []
[2018-08-29 15:13:59] my_logger.INFO: GET /people/{id} [] []
[2018-08-29 15:14:00] my_logger.INFO: GET /people/{id} [] []
[2018-08-29 15:14:02] my_logger.INFO: GET /people/{id} [] []
[2018-08-29 15:14:06] my_logger.INFO: GET /people/{id} [] []
[2018-08-29 15:14:08] my_logger.INFO: GET /people/{id} [] []
[2018-08-29 15:15:09] my_logger.INFO: PUT /people/{id} [] []
[2018-08-29 15:16:38] my_logger.INFO: DELETE /people/{id} [] []
[2018-08-29 15:16:42] my_logger.INFO: GET /people/{id} [] []
[2018-08-29 15:18:08] my_logger.INFO: GET /people/{id} [] []
[2018-08-29 15:18:14] my_logger.INFO: PUT /people/{id} [] []
[2018-08-29 15:18:43] my_logger.INFO: PUT /people/{id} [] []
